<?xml version="1.0" encoding="UTF-8"?>
<!-- Generated by org.testng.reporters.JUnitXMLReporter -->
<testsuite ignored="0" hostname="DESKTOP-0A6PSR4" failures="0" tests="8" name="Test" time="43.527" errors="0" timestamp="2024-02-08T12:18:09 IST">
  <testcase classname="api.test.UserTests" name="testPostUser" time="7.434"/>
  <testcase classname="api.test.UserTests" name="testGetUserByName" time="3.767"/>
  <testcase classname="api.test.UserTests" name="updateUserByName" time="8.841"/>
  <testcase classname="api.test.UserTests" name="testDeleteUserByName" time="3.438"/>
  <testcase classname="api.test.UserTests2" name="testPostUser" time="3.773"/>
  <testcase classname="api.test.UserTests2" name="testGetUserByName" time="4.604"/>
  <testcase classname="api.test.UserTests2" name="updateUserByName" time="6.036"/>
  <testcase classname="api.test.UserTests2" name="testDeleteUserByName" time="3.68"/>
</testsuite> <!-- Test -->
