<?xml version="1.0" encoding="UTF-8"?>
<!-- Generated by org.testng.reporters.JUnitXMLReporter -->
<testsuite ignored="0" hostname="DESKTOP-0A6PSR4" failures="0" tests="8" name="Test" time="55.445" errors="0" timestamp="2024-02-08T13:27:24 IST">
  <testcase classname="api.test.UserTests" name="testPostUser" time="11.008"/>
  <testcase classname="api.test.UserTests" name="testGetUserByName" time="4.593"/>
  <testcase classname="api.test.UserTests" name="updateUserByName" time="12.405"/>
  <testcase classname="api.test.UserTests" name="testDeleteUserByName" time="4.8"/>
  <testcase classname="api.test.UserTests2" name="testPostUser" time="4.001"/>
  <testcase classname="api.test.UserTests2" name="testGetUserByName" time="3.475"/>
  <testcase classname="api.test.UserTests2" name="updateUserByName" time="7.988"/>
  <testcase classname="api.test.UserTests2" name="testDeleteUserByName" time="5.317"/>
</testsuite> <!-- Test -->
