<?xml version="1.0" encoding="UTF-8"?>
<testng-results ignored="0" total="8" passed="8" failed="0" skipped="0">
  <reporter-output>
  </reporter-output>
  <suite started-at="2024-02-08T13:26:28 IST" name="Suite" finished-at="2024-02-08T13:27:24 IST" duration-ms="55445">
    <groups>
    </groups>
    <test started-at="2024-02-08T13:26:28 IST" name="Test" finished-at="2024-02-08T13:27:24 IST" duration-ms="55445">
      <class name="api.test.UserTests2">
        <test-method is-config="true" signature="setupData()[pri:0, instance:api.test.UserTests2@7c729a55]" started-at="2024-02-08T13:27:03 IST" name="setupData" finished-at="2024-02-08T13:27:03 IST" duration-ms="86" status="PASS">
          <reporter-output>
          </reporter-output>
        </test-method> <!-- setupData -->
        <test-method signature="testPostUser()[pri:1, instance:api.test.UserTests2@7c729a55]" started-at="2024-02-08T13:27:03 IST" name="testPostUser" finished-at="2024-02-08T13:27:07 IST" duration-ms="4001" status="PASS">
          <reporter-output>
          </reporter-output>
        </test-method> <!-- testPostUser -->
        <test-method signature="testGetUserByName()[pri:2, instance:api.test.UserTests2@7c729a55]" started-at="2024-02-08T13:27:07 IST" name="testGetUserByName" finished-at="2024-02-08T13:27:10 IST" duration-ms="3475" status="PASS">
          <reporter-output>
          </reporter-output>
        </test-method> <!-- testGetUserByName -->
        <test-method signature="updateUserByName()[pri:3, instance:api.test.UserTests2@7c729a55]" started-at="2024-02-08T13:27:10 IST" name="updateUserByName" finished-at="2024-02-08T13:27:18 IST" duration-ms="7988" status="PASS">
          <reporter-output>
          </reporter-output>
        </test-method> <!-- updateUserByName -->
        <test-method signature="testDeleteUserByName()[pri:4, instance:api.test.UserTests2@7c729a55]" started-at="2024-02-08T13:27:18 IST" name="testDeleteUserByName" finished-at="2024-02-08T13:27:24 IST" duration-ms="5317" status="PASS">
          <reporter-output>
          </reporter-output>
        </test-method> <!-- testDeleteUserByName -->
      </class> <!-- api.test.UserTests2 -->
      <class name="api.test.UserTests">
        <test-method is-config="true" signature="setupData()[pri:0, instance:api.test.UserTests@32eff876]" started-at="2024-02-08T13:26:28 IST" name="setupData" finished-at="2024-02-08T13:26:30 IST" duration-ms="1355" status="PASS">
          <reporter-output>
          </reporter-output>
        </test-method> <!-- setupData -->
        <test-method signature="testPostUser()[pri:1, instance:api.test.UserTests@32eff876]" started-at="2024-02-08T13:26:30 IST" name="testPostUser" finished-at="2024-02-08T13:26:41 IST" duration-ms="11008" status="PASS">
          <reporter-output>
          </reporter-output>
        </test-method> <!-- testPostUser -->
        <test-method signature="testGetUserByName()[pri:2, instance:api.test.UserTests@32eff876]" started-at="2024-02-08T13:26:41 IST" name="testGetUserByName" finished-at="2024-02-08T13:26:45 IST" duration-ms="4593" status="PASS">
          <reporter-output>
          </reporter-output>
        </test-method> <!-- testGetUserByName -->
        <test-method signature="updateUserByName()[pri:3, instance:api.test.UserTests@32eff876]" started-at="2024-02-08T13:26:45 IST" name="updateUserByName" finished-at="2024-02-08T13:26:58 IST" duration-ms="12405" status="PASS">
          <reporter-output>
          </reporter-output>
        </test-method> <!-- updateUserByName -->
        <test-method signature="testDeleteUserByName()[pri:4, instance:api.test.UserTests@32eff876]" started-at="2024-02-08T13:26:58 IST" name="testDeleteUserByName" finished-at="2024-02-08T13:27:03 IST" duration-ms="4800" status="PASS">
          <reporter-output>
          </reporter-output>
        </test-method> <!-- testDeleteUserByName -->
      </class> <!-- api.test.UserTests -->
    </test> <!-- Test -->
  </suite> <!-- Suite -->
</testng-results>
