<?xml version="1.0" encoding="UTF-8"?>
<testng-results ignored="0" total="8" passed="8" failed="0" skipped="0">
  <reporter-output>
  </reporter-output>
  <suite started-at="2024-02-08T12:17:25 IST" name="Suite" finished-at="2024-02-08T12:18:08 IST" duration-ms="43527">
    <groups>
    </groups>
    <test started-at="2024-02-08T12:17:25 IST" name="Test" finished-at="2024-02-08T12:18:08 IST" duration-ms="43527">
      <class name="api.test.UserTests2">
        <test-method is-config="true" signature="setupData()[pri:0, instance:api.test.UserTests2@2eae8e6e]" started-at="2024-02-08T12:17:50 IST" name="setupData" finished-at="2024-02-08T12:17:50 IST" duration-ms="112" status="PASS">
          <reporter-output>
          </reporter-output>
        </test-method> <!-- setupData -->
        <test-method signature="testPostUser()[pri:1, instance:api.test.UserTests2@2eae8e6e]" started-at="2024-02-08T12:17:50 IST" name="testPostUser" finished-at="2024-02-08T12:17:54 IST" duration-ms="3773" status="PASS">
          <reporter-output>
          </reporter-output>
        </test-method> <!-- testPostUser -->
        <test-method signature="testGetUserByName()[pri:2, instance:api.test.UserTests2@2eae8e6e]" started-at="2024-02-08T12:17:54 IST" name="testGetUserByName" finished-at="2024-02-08T12:17:59 IST" duration-ms="4604" status="PASS">
          <reporter-output>
          </reporter-output>
        </test-method> <!-- testGetUserByName -->
        <test-method signature="updateUserByName()[pri:3, instance:api.test.UserTests2@2eae8e6e]" started-at="2024-02-08T12:17:59 IST" name="updateUserByName" finished-at="2024-02-08T12:18:05 IST" duration-ms="6036" status="PASS">
          <reporter-output>
          </reporter-output>
        </test-method> <!-- updateUserByName -->
        <test-method signature="testDeleteUserByName()[pri:4, instance:api.test.UserTests2@2eae8e6e]" started-at="2024-02-08T12:18:05 IST" name="testDeleteUserByName" finished-at="2024-02-08T12:18:08 IST" duration-ms="3680" status="PASS">
          <reporter-output>
          </reporter-output>
        </test-method> <!-- testDeleteUserByName -->
      </class> <!-- api.test.UserTests2 -->
      <class name="api.test.UserTests">
        <test-method is-config="true" signature="setupData()[pri:0, instance:api.test.UserTests@53fe15ff]" started-at="2024-02-08T12:17:25 IST" name="setupData" finished-at="2024-02-08T12:17:27 IST" duration-ms="1207" status="PASS">
          <reporter-output>
          </reporter-output>
        </test-method> <!-- setupData -->
        <test-method signature="testPostUser()[pri:1, instance:api.test.UserTests@53fe15ff]" started-at="2024-02-08T12:17:27 IST" name="testPostUser" finished-at="2024-02-08T12:17:34 IST" duration-ms="7434" status="PASS">
          <reporter-output>
          </reporter-output>
        </test-method> <!-- testPostUser -->
        <test-method signature="testGetUserByName()[pri:2, instance:api.test.UserTests@53fe15ff]" started-at="2024-02-08T12:17:34 IST" name="testGetUserByName" finished-at="2024-02-08T12:17:38 IST" duration-ms="3767" status="PASS">
          <reporter-output>
          </reporter-output>
        </test-method> <!-- testGetUserByName -->
        <test-method signature="updateUserByName()[pri:3, instance:api.test.UserTests@53fe15ff]" started-at="2024-02-08T12:17:38 IST" name="updateUserByName" finished-at="2024-02-08T12:17:47 IST" duration-ms="8841" status="PASS">
          <reporter-output>
          </reporter-output>
        </test-method> <!-- updateUserByName -->
        <test-method signature="testDeleteUserByName()[pri:4, instance:api.test.UserTests@53fe15ff]" started-at="2024-02-08T12:17:47 IST" name="testDeleteUserByName" finished-at="2024-02-08T12:17:50 IST" duration-ms="3438" status="PASS">
          <reporter-output>
          </reporter-output>
        </test-method> <!-- testDeleteUserByName -->
      </class> <!-- api.test.UserTests -->
    </test> <!-- Test -->
  </suite> <!-- Suite -->
</testng-results>
